<?xml version="1.0" encoding="UTF-8"?>
<!-- Generated by org.testng.reporters.JUnitReportReporter -->
<testsuite hostname="LAIMUMLT9002" failures="0" tests="2" name="com.qa.tests.AddBookTest" time="3.873" errors="0" timestamp="2024-04-04T09:38:24 IST" skipped="0">
  <testcase classname="com.qa.tests.AddBookTest" name="postAddBook" time="3.000"/>
  <system-out/>
  <testcase classname="com.qa.tests.AddBookTest" name="postAddBookFormHashMap" time="0.873"/>
  <system-out/>
</testsuite> <!-- com.qa.tests.AddBookTest -->
